Script started on Sun Feb  5 21:18:59 2017
Script on a049414[1]% main
Dijsktra's Algorithm Test using class example
Leader 1
|0||F||HV| -> |4|6| -> |2|2|

Leader 2
|0||F||HV| -> |4|3| -> |5|10|

Leader 3
|0||F||HV| -> |1|4| -> |6|5|

Leader 4
|0||F||HV| -> |3|2| -> |5|2| -> |6|8| -> |7|4|

Leader 5
|0||F||HV| -> |7|6|

Leader 6
|0||F||HV|

Leader 7
|0||F||HV| -> |6|1|

Searching paths for starting vertex 1
Starting vertex 1 paths
1

2 <- 1

3 <- 4 <- 2 <- 1

4 <- 2 <- 1

5 <- 4 <- 2 <- 1

6 <- 7 <- 4 <- 2 <- 1

7 <- 4 <- 2 <- 1

Searching paths for starting vertex 2
Starting vertex 2 paths
1 <- 3 <- 4 <- 2

2

3 <- 4 <- 2

4 <- 2

5 <- 4 <- 2

6 <- 7 <- 4 <- 2

7 <- 4 <- 2

Searching paths for starting vertex 3
Starting vertex 3 paths
1 <- 3

2 <- 1 <- 3

3

4 <- 2 <- 1 <- 3

5 <- 4 <- 2 <- 1 <- 3

6 <- 3

7 <- 4 <- 2 <- 1 <- 3

Searching paths for starting vertex 4
Starting vertex 4 paths
1 <- 3 <- 4

2 <- 1 <- 3 <- 4

3 <- 4

4

5 <- 4

6 <- 7 <- 4

7 <- 4

Searching paths for starting vertex 5
Starting vertex 5 paths
5

6 <- 7 <- 5

7 <- 5

Searching paths for starting vertex 6
Starting vertex 6 paths
6

Searching paths for starting vertex 7
Starting vertex 7 paths
6 <- 7

7

Dijsktra's Algorithm Test using graph.txt
Leader 1
|0||F||HV| -> |3|61| -> |2|70|

Leader 2
|0||F||HV| -> |5|110| -> |4|31|

Leader 3
|0||F||HV| -> |10|59|

Leader 4
|0||F||HV|

Leader 5
|0||F||HV| -> |8|67| -> |7|30|

Leader 6
|0||F||HV| -> |10|65| -> |4|70| -> |3|88|

Leader 7
|0||F||HV| -> |11|126|

Leader 8
|0||F||HV| -> |10|26| -> |6|100| -> |4|65|

Leader 9
|0||F||HV| -> |7|74|

Leader 10
|0||F||HV| -> |14|140|

Leader 11
|0||F||HV| -> |12|19| -> |8|12|

Leader 12
|0||F||HV|

Leader 13
|0||F||HV| -> |9|30| -> |7|105| -> |12|39|

Leader 14
|0||F||HV| -> |12|85|

Searching paths for starting vertex 1
Starting vertex 1 paths
1

2 <- 1

3 <- 1

4 <- 2 <- 1

5 <- 2 <- 1

6 <- 8 <- 5 <- 2 <- 1

7 <- 5 <- 2 <- 1

8 <- 5 <- 2 <- 1

10 <- 3 <- 1

11 <- 7 <- 5 <- 2 <- 1

12 <- 14 <- 10 <- 3 <- 1

14 <- 10 <- 3 <- 1

Searching paths for starting vertex 2
Starting vertex 2 paths
2

3 <- 6 <- 8 <- 5 <- 2

4 <- 2

5 <- 2

6 <- 8 <- 5 <- 2

7 <- 5 <- 2

8 <- 5 <- 2

10 <- 8 <- 5 <- 2

11 <- 7 <- 5 <- 2

12 <- 11 <- 7 <- 5 <- 2

14 <- 10 <- 8 <- 5 <- 2

Searching paths for starting vertex 3
Starting vertex 3 paths
3

10 <- 3

12 <- 14 <- 10 <- 3

14 <- 10 <- 3

Searching paths for starting vertex 4
Starting vertex 4 paths
4

Searching paths for starting vertex 5
Starting vertex 5 paths
3 <- 6 <- 8 <- 5

4 <- 8 <- 5

5

6 <- 8 <- 5

7 <- 5

8 <- 5

10 <- 8 <- 5

11 <- 7 <- 5

12 <- 11 <- 7 <- 5

14 <- 10 <- 8 <- 5

Searching paths for starting vertex 6
Starting vertex 6 paths
3 <- 6

4 <- 6

6

10 <- 6

12 <- 14 <- 10 <- 6

14 <- 10 <- 6

Searching paths for starting vertex 7
Starting vertex 7 paths
3 <- 6 <- 8 <- 11 <- 7

4 <- 8 <- 11 <- 7

6 <- 8 <- 11 <- 7

7

8 <- 11 <- 7

10 <- 8 <- 11 <- 7

11 <- 7

12 <- 11 <- 7

14 <- 10 <- 8 <- 11 <- 7

Searching paths for starting vertex 8
Starting vertex 8 paths
3 <- 6 <- 8

4 <- 8

6 <- 8

8

10 <- 8

12 <- 14 <- 10 <- 8

14 <- 10 <- 8

Searching paths for starting vertex 9
Starting vertex 9 paths
3 <- 6 <- 8 <- 11 <- 7 <- 9

4 <- 8 <- 11 <- 7 <- 9

6 <- 8 <- 11 <- 7 <- 9

7 <- 9

8 <- 11 <- 7 <- 9

9

10 <- 8 <- 11 <- 7 <- 9

11 <- 7 <- 9

12 <- 11 <- 7 <- 9

14 <- 10 <- 8 <- 11 <- 7 <- 9

Searching paths for starting vertex 10
Starting vertex 10 paths
10

12 <- 14 <- 10

14 <- 10

Searching paths for starting vertex 11
Starting vertex 11 paths
3 <- 6 <- 8 <- 11

4 <- 8 <- 11

6 <- 8 <- 11

8 <- 11

10 <- 8 <- 11

11

12 <- 11

14 <- 10 <- 8 <- 11

Searching paths for starting vertex 12
Starting vertex 12 paths
12

Searching paths for starting vertex 13
Starting vertex 13 paths
3 <- 6 <- 8 <- 11 <- 7 <- 9 <- 13

4 <- 8 <- 11 <- 7 <- 9 <- 13

6 <- 8 <- 11 <- 7 <- 9 <- 13

7 <- 9 <- 13

8 <- 11 <- 7 <- 9 <- 13

9 <- 13

10 <- 8 <- 11 <- 7 <- 9 <- 13

11 <- 7 <- 9 <- 13

12 <- 13

13

14 <- 10 <- 8 <- 11 <- 7 <- 9 <- 13

Searching paths for starting vertex 14
Starting vertex 14 paths
12 <- 14

14

Floyd's Algorithm Test using class example

Initialized

Distance Matrix

  |   1   2   3   4   5   6   7
--------------------------------
 1|   0   2  HV   6  HV  HV  HV
 2|  HV   0  HV   3  10  HV  HV
 3|   4  HV   0  HV  HV   5  HV
 4|  HV  HV   2   0   2   8   4
 5|  HV  HV  HV  HV   0  HV   6
 6|  HV  HV  HV  HV  HV   0  HV
 7|  HV  HV  HV  HV  HV   1   0


Vertex Matrix

  |   1   2   3   4   5   6   7
--------------------------------
 1|   1   1   1   1   1   1   1
 2|   2   2   2   2   2   2   2
 3|   3   3   3   3   3   3   3
 4|   4   4   4   4   4   4   4
 5|   5   5   5   5   5   5   5
 6|   6   6   6   6   6   6   6
 7|   7   7   7   7   7   7   7


Searching for paths
Listing paths for start vertex 1
2 <- 1 (LENGTH = 2)

3 <- 4 <- 2 <- 1 (LENGTH = 7)

4 <- 2 <- 1 (LENGTH = 5)

5 <- 4 <- 2 <- 1 (LENGTH = 7)

6 <- 7 <- 4 <- 2 <- 1 (LENGTH = 10)

7 <- 4 <- 2 <- 1 (LENGTH = 9)

Listing paths for start vertex 2
1 <- 3 <- 4 <- 2 (LENGTH = 9)

3 <- 4 <- 2 (LENGTH = 5)

4 <- 2 (LENGTH = 3)

5 <- 4 <- 2 (LENGTH = 5)

6 <- 7 <- 4 <- 2 (LENGTH = 8)

7 <- 4 <- 2 (LENGTH = 7)

Listing paths for start vertex 3
1 <- 3 (LENGTH = 4)

2 <- 1 <- 3 (LENGTH = 6)

4 <- 2 <- 1 <- 3 (LENGTH = 9)

5 <- 4 <- 2 <- 1 <- 3 (LENGTH = 11)

6 <- 3 (LENGTH = 5)

7 <- 4 <- 2 <- 1 <- 3 (LENGTH = 13)

Listing paths for start vertex 4
1 <- 3 <- 4 (LENGTH = 6)

2 <- 1 <- 3 <- 4 (LENGTH = 8)

3 <- 4 (LENGTH = 2)

5 <- 4 (LENGTH = 2)

6 <- 7 <- 4 (LENGTH = 5)

7 <- 4 (LENGTH = 4)

Listing paths for start vertex 5
6 <- 7 <- 5 (LENGTH = 7)

7 <- 5 (LENGTH = 6)

Listing paths for start vertex 6
Listing paths for start vertex 7
6 <- 7 (LENGTH = 1)

Floyd's Algorithm Test using graph.txt

Initialized

Distance Matrix

  |   1   2   3   4   5   6   7   8   9  10  11  12  13  14
------------------------------------------------------------
 1|   0  70  61  HV  HV  HV  HV  HV  HV  HV  HV  HV  HV  HV
 2|  HV   0  HV  31 110  HV  HV  HV  HV  HV  HV  HV  HV  HV
 3|  HV  HV   0  HV  HV  HV  HV  HV  HV  59  HV  HV  HV  HV
 4|  HV  HV  HV   0  HV  HV  HV  HV  HV  HV  HV  HV  HV  HV
 5|  HV  HV  HV  HV   0  HV  30  67  HV  HV  HV  HV  HV  HV
 6|  HV  HV  88  70  HV   0  HV  HV  HV  65  HV  HV  HV  HV
 7|  HV  HV  HV  HV  HV  HV   0  HV  HV  HV 126  HV  HV  HV
 8|  HV  HV  HV  65  HV 100  HV   0  HV  26  HV  HV  HV  HV
 9|  HV  HV  HV  HV  HV  HV  74  HV   0  HV  HV  HV  HV  HV
10|  HV  HV  HV  HV  HV  HV  HV  HV  HV   0  HV  HV  HV 140
11|  HV  HV  HV  HV  HV  HV  HV  12  HV  HV   0  19  HV  HV
12|  HV  HV  HV  HV  HV  HV  HV  HV  HV  HV  HV   0  HV  HV
13|  HV  HV  HV  HV  HV  HV 105  HV  30  HV  HV  39   0  HV
14|  HV  HV  HV  HV  HV  HV  HV  HV  HV  HV  HV  85  HV   0


Vertex Matrix

  |   1   2   3   4   5   6   7   8   9  10  11  12  13  14
------------------------------------------------------------
 1|   1   1   1   1   1   1   1   1   1   1   1   1   1   1
 2|   2   2   2   2   2   2   2   2   2   2   2   2   2   2
 3|   3   3   3   3   3   3   3   3   3   3   3   3   3   3
 4|   4   4   4   4   4   4   4   4   4   4   4   4   4   4
 5|   5   5   5   5   5   5   5   5   5   5   5   5   5   5
 6|   6   6   6   6   6   6   6   6   6   6   6   6   6   6
 7|   7   7   7   7   7   7   7   7   7   7   7   7   7   7
 8|   8   8   8   8   8   8   8   8   8   8   8   8   8   8
 9|   9   9   9   9   9   9   9   9   9   9   9   9   9   9
10|  10  10  10  10  10  10  10  10  10  10  10  10  10  10
11|  11  11  11  11  11  11  11  11  11  11  11  11  11  11
12|  12  12  12  12  12  12  12  12  12  12  12  12  12  12
13|  13  13  13  13  13  13  13  13  13  13  13  13  13  13
14|  14  14  14  14  14  14  14  14  14  14  14  14  14  14


Searching for paths
Listing paths for start vertex 1
2 <- 1 (LENGTH = 70)

3 <- 1 (LENGTH = 61)

4 <- 2 <- 1 (LENGTH = 101)

5 <- 2 <- 1 (LENGTH = 180)

6 <- 8 <- 5 <- 2 <- 1 (LENGTH = 347)

7 <- 5 <- 2 <- 1 (LENGTH = 210)

8 <- 5 <- 2 <- 1 (LENGTH = 247)

10 <- 3 <- 1 (LENGTH = 120)

11 <- 7 <- 5 <- 2 <- 1 (LENGTH = 336)

12 <- 14 <- 10 <- 3 <- 1 (LENGTH = 345)

14 <- 10 <- 3 <- 1 (LENGTH = 260)

Listing paths for start vertex 2
3 <- 6 <- 8 <- 5 <- 2 (LENGTH = 365)

4 <- 2 (LENGTH = 31)

5 <- 2 (LENGTH = 110)

6 <- 8 <- 5 <- 2 (LENGTH = 277)

7 <- 5 <- 2 (LENGTH = 140)

8 <- 5 <- 2 (LENGTH = 177)

10 <- 8 <- 5 <- 2 (LENGTH = 203)

11 <- 7 <- 5 <- 2 (LENGTH = 266)

12 <- 11 <- 7 <- 5 <- 2 (LENGTH = 285)

14 <- 10 <- 8 <- 5 <- 2 (LENGTH = 343)

Listing paths for start vertex 3
10 <- 3 (LENGTH = 59)

12 <- 14 <- 10 <- 3 (LENGTH = 284)

14 <- 10 <- 3 (LENGTH = 199)

Listing paths for start vertex 4
Listing paths for start vertex 5
3 <- 6 <- 8 <- 5 (LENGTH = 255)

4 <- 8 <- 5 (LENGTH = 132)

6 <- 8 <- 5 (LENGTH = 167)

7 <- 5 (LENGTH = 30)

8 <- 5 (LENGTH = 67)

10 <- 8 <- 5 (LENGTH = 93)

11 <- 7 <- 5 (LENGTH = 156)

12 <- 11 <- 7 <- 5 (LENGTH = 175)

14 <- 10 <- 8 <- 5 (LENGTH = 233)

Listing paths for start vertex 6
3 <- 6 (LENGTH = 88)

4 <- 6 (LENGTH = 70)

10 <- 6 (LENGTH = 65)

12 <- 14 <- 10 <- 6 (LENGTH = 290)

14 <- 10 <- 6 (LENGTH = 205)

Listing paths for start vertex 7
3 <- 6 <- 8 <- 11 <- 7 (LENGTH = 326)

4 <- 8 <- 11 <- 7 (LENGTH = 203)

6 <- 8 <- 11 <- 7 (LENGTH = 238)

8 <- 11 <- 7 (LENGTH = 138)

10 <- 8 <- 11 <- 7 (LENGTH = 164)

11 <- 7 (LENGTH = 126)

12 <- 11 <- 7 (LENGTH = 145)

14 <- 10 <- 8 <- 11 <- 7 (LENGTH = 304)

Listing paths for start vertex 8
3 <- 6 <- 8 (LENGTH = 188)

4 <- 8 (LENGTH = 65)

6 <- 8 (LENGTH = 100)

10 <- 8 (LENGTH = 26)

12 <- 14 <- 10 <- 8 (LENGTH = 251)

14 <- 10 <- 8 (LENGTH = 166)

Listing paths for start vertex 9
3 <- 6 <- 8 <- 11 <- 7 <- 9 (LENGTH = 400)

4 <- 8 <- 11 <- 7 <- 9 (LENGTH = 277)

6 <- 8 <- 11 <- 7 <- 9 (LENGTH = 312)

7 <- 9 (LENGTH = 74)

8 <- 11 <- 7 <- 9 (LENGTH = 212)

10 <- 8 <- 11 <- 7 <- 9 (LENGTH = 238)

11 <- 7 <- 9 (LENGTH = 200)

12 <- 11 <- 7 <- 9 (LENGTH = 219)

14 <- 10 <- 8 <- 11 <- 7 <- 9 (LENGTH = 378)

Listing paths for start vertex 10
12 <- 14 <- 10 (LENGTH = 225)

14 <- 10 (LENGTH = 140)

Listing paths for start vertex 11
3 <- 6 <- 8 <- 11 (LENGTH = 200)

4 <- 8 <- 11 (LENGTH = 77)

6 <- 8 <- 11 (LENGTH = 112)

8 <- 11 (LENGTH = 12)

10 <- 8 <- 11 (LENGTH = 38)

12 <- 11 (LENGTH = 19)

14 <- 10 <- 8 <- 11 (LENGTH = 178)

Listing paths for start vertex 12
Listing paths for start vertex 13
3 <- 6 <- 8 <- 11 <- 7 <- 9 <- 13 (LENGTH = 430)

4 <- 8 <- 11 <- 7 <- 9 <- 13 (LENGTH = 307)

6 <- 8 <- 11 <- 7 <- 9 <- 13 (LENGTH = 342)

7 <- 9 <- 13 (LENGTH = 104)

8 <- 11 <- 7 <- 9 <- 13 (LENGTH = 242)

9 <- 13 (LENGTH = 30)

10 <- 8 <- 11 <- 7 <- 9 <- 13 (LENGTH = 268)

11 <- 7 <- 9 <- 13 (LENGTH = 230)

12 <- 13 (LENGTH = 39)

14 <- 10 <- 8 <- 11 <- 7 <- 9 <- 13 (LENGTH = 408)

Listing paths for start vertex 14
12 <- 14 (LENGTH = 85)

Script on a049414[2]% exit
exit

Script done on Sun Feb  5 21:19:04 2017
